<?xml version="1.0" encoding="UTF-8" ?><testsuites id='suites' name='suites' disabled='0' error='0' failures='0' tests='48' time='1'><testsuite id='0' name='test_definitions' package='TEST-DEFINITIONS' tests='14' disabled='0' errors='0' failures='0' skipped='0' time='0' timestamp='2024-01-01T00:05:09Z' hostname='despina'><properties><property name='LISP-IMPLEMENTATION-TYPE' value='SBCL'></property><property name='LISP-IMPLEMENTATION-VERSION' value='2.4.0'></property><property name='SOFTWARE-TYPE' value='Darwin'></property><property name='SOFTWARE-VERSION' value='21.6.0'></property><property name='MACHINE-INSTANCE' value='despina'></property><property name='MACHINE-TYPE' value='X86-64'></property><property name='MACHINE-VERSION' value='Intel(R) Core(TM) i7-6700K CPU @ 4.00GHz'></property><property name='*FEATURES*' value='(CFFI-FEATURES:FLAT-NAMESPACE CFFI-FEATURES:X86-64 CFFI-FEATURES:UNIX
 CFFI-FEATURES:DARWIN :CFFI CFFI-SYS::FLAT-NAMESPACE :LPARALLEL
 :IRONCLAD-ASSEMBLY :IRONCLAD-SB-VM-EA :IRONCLAD-FAST-MOD64-ARITHMETIC
 :IRONCLAD-FAST-MOD32-ARITHMETIC :SPLIT-SEQUENCE :CL-FAD :BORDEAUX-THREADS
 :GLOBAL-VARS :CL-WHO ALEXANDRIA::SEQUENCE-EMPTYP :LPARALLEL.WITH-CLTL2
 :LPARALLEL.WITH-CAS :LPARALLEL.WITH-STEALING-SCHEDULER :THREAD-SUPPORT
 :QUICKLISP :ASDF3.3 :ASDF3.2 :ASDF3.1 :ASDF3 :ASDF2 :ASDF :OS-MACOSX :OS-UNIX
 :NON-BASE-CHARS-EXIST-P :ASDF-UNICODE :ARENA-ALLOCATOR :X86-64 :GENCGC :64-BIT
 :ANSI-CL :BSD :COMMON-LISP :DARWIN :IEEE-FLOATING-POINT :LITTLE-ENDIAN :MACH-O
 :PACKAGE-LOCAL-NICKNAMES :SB-CORE-COMPRESSION :SB-LDB :SB-PACKAGE-LOCKS
 :SB-THREAD :SB-UNICODE :SBCL :UNIX)'></property></properties><testcase name='test_definitions.LOAD-MULTIVERSE-DEFINITION' assertions='0' classname='' status='SUCCESSFUL' time='0'><system-out>[[ATTACHMENT|/Users/pjb/works/mts/Harag/cl-naive-tests/src/naive-tests.lisp]]
</system-out><system-err></system-err></testcase><testcase name='test_definitions.PROBE-MULTIVERSE' assertions='0' classname='' status='SUCCESSFUL' time='0'><system-out>[[ATTACHMENT|/Users/pjb/works/mts/Harag/cl-naive-tests/src/naive-tests.lisp]]
</system-out><system-err></system-err></testcase><testcase name='test_definitions.PROBE-STORE' assertions='0' classname='' status='SUCCESSFUL' time='0'><system-out>[[ATTACHMENT|/Users/pjb/works/mts/Harag/cl-naive-tests/src/naive-tests.lisp]]
</system-out><system-err></system-err></testcase><testcase name='test_definitions.PROBE-COLLECTION-1' assertions='0' classname='' status='SUCCESSFUL' time='0'><system-out>[[ATTACHMENT|/Users/pjb/works/mts/Harag/cl-naive-tests/src/naive-tests.lisp]]
</system-out><system-err></system-err></testcase><testcase name='test_definitions.PROBE-COLLECTION-2' assertions='0' classname='' status='SUCCESSFUL' time='0'><system-out>[[ATTACHMENT|/Users/pjb/works/mts/Harag/cl-naive-tests/src/naive-tests.lisp]]
</system-out><system-err></system-err></testcase><testcase name='test_definitions.PROBE-DOCUMENT-TYPE' assertions='0' classname='' status='SUCCESSFUL' time='0'><system-out>[[ATTACHMENT|/Users/pjb/works/mts/Harag/cl-naive-tests/src/naive-tests.lisp]]
</system-out><system-err></system-err></testcase><testcase name='test_definitions.ADD-UNIVERSE' assertions='0' classname='' status='SUCCESSFUL' time='0'><system-out>[[ATTACHMENT|/Users/pjb/works/mts/Harag/cl-naive-tests/src/naive-tests.lisp]]
</system-out><system-err></system-err></testcase><testcase name='test_definitions.REMOVE-UNIVERSE' assertions='0' classname='' status='SUCCESSFUL' time='0'><system-out>[[ATTACHMENT|/Users/pjb/works/mts/Harag/cl-naive-tests/src/naive-tests.lisp]]
</system-out><system-err></system-err></testcase><testcase name='test_definitions.ADD-STORE' assertions='0' classname='' status='SUCCESSFUL' time='0'><system-out>[[ATTACHMENT|/Users/pjb/works/mts/Harag/cl-naive-tests/src/naive-tests.lisp]]
</system-out><system-err></system-err></testcase><testcase name='test_definitions.REMOVE-STORE' assertions='0' classname='' status='SUCCESSFUL' time='0'><system-out>[[ATTACHMENT|/Users/pjb/works/mts/Harag/cl-naive-tests/src/naive-tests.lisp]]
</system-out><system-err></system-err></testcase><testcase name='test_definitions.ADD-DOCUMENT-TYPE' assertions='0' classname='' status='SUCCESSFUL' time='0'><system-out>[[ATTACHMENT|/Users/pjb/works/mts/Harag/cl-naive-tests/src/naive-tests.lisp]]
</system-out><system-err></system-err></testcase><testcase name='test_definitions.REMOVE-DOCUMENT-TYPE' assertions='0' classname='' status='SUCCESSFUL' time='0'><system-out>[[ATTACHMENT|/Users/pjb/works/mts/Harag/cl-naive-tests/src/naive-tests.lisp]]
</system-out><system-err></system-err></testcase><testcase name='test_definitions.ADD-COLLECTION' assertions='0' classname='' status='SUCCESSFUL' time='0'><system-out>[[ATTACHMENT|/Users/pjb/works/mts/Harag/cl-naive-tests/src/naive-tests.lisp]]
</system-out><system-err></system-err></testcase><testcase name='test_definitions.REMOVE-COLLECTION' assertions='0' classname='' status='SUCCESSFUL' time='0'><system-out>[[ATTACHMENT|/Users/pjb/works/mts/Harag/cl-naive-tests/src/naive-tests.lisp]]
</system-out><system-err></system-err></testcase></testsuite><testsuite id='1' name='test_basic' package='TEST-BASIC' tests='3' disabled='0' errors='0' failures='0' skipped='0' time='0' timestamp='2024-01-01T00:05:09Z' hostname='despina'><properties><property name='LISP-IMPLEMENTATION-TYPE' value='SBCL'></property><property name='LISP-IMPLEMENTATION-VERSION' value='2.4.0'></property><property name='SOFTWARE-TYPE' value='Darwin'></property><property name='SOFTWARE-VERSION' value='21.6.0'></property><property name='MACHINE-INSTANCE' value='despina'></property><property name='MACHINE-TYPE' value='X86-64'></property><property name='MACHINE-VERSION' value='Intel(R) Core(TM) i7-6700K CPU @ 4.00GHz'></property><property name='*FEATURES*' value='(CFFI-FEATURES:FLAT-NAMESPACE CFFI-FEATURES:X86-64 CFFI-FEATURES:UNIX
 CFFI-FEATURES:DARWIN :CFFI CFFI-SYS::FLAT-NAMESPACE :LPARALLEL
 :IRONCLAD-ASSEMBLY :IRONCLAD-SB-VM-EA :IRONCLAD-FAST-MOD64-ARITHMETIC
 :IRONCLAD-FAST-MOD32-ARITHMETIC :SPLIT-SEQUENCE :CL-FAD :BORDEAUX-THREADS
 :GLOBAL-VARS :CL-WHO ALEXANDRIA::SEQUENCE-EMPTYP :LPARALLEL.WITH-CLTL2
 :LPARALLEL.WITH-CAS :LPARALLEL.WITH-STEALING-SCHEDULER :THREAD-SUPPORT
 :QUICKLISP :ASDF3.3 :ASDF3.2 :ASDF3.1 :ASDF3 :ASDF2 :ASDF :OS-MACOSX :OS-UNIX
 :NON-BASE-CHARS-EXIST-P :ASDF-UNICODE :ARENA-ALLOCATOR :X86-64 :GENCGC :64-BIT
 :ANSI-CL :BSD :COMMON-LISP :DARWIN :IEEE-FLOATING-POINT :LITTLE-ENDIAN :MACH-O
 :PACKAGE-LOCAL-NICKNAMES :SB-CORE-COMPRESSION :SB-LDB :SB-PACKAGE-LOCKS
 :SB-THREAD :SB-UNICODE :SBCL :UNIX)'></property></properties><testcase name='test_basic.TEST-QUERY-AND-DUPLICATES' assertions='0' classname='' status='SUCCESSFUL' time='0'><system-out>[[ATTACHMENT|/Users/pjb/works/mts/Harag/cl-naive-tests/src/naive-tests.lisp]]
</system-out><system-err></system-err></testcase><testcase name='test_basic.TEST-ALL-ELEMENTS' assertions='0' classname='' status='SUCCESSFUL' time='0'><system-out>[[ATTACHMENT|/Users/pjb/works/mts/Harag/cl-naive-tests/src/naive-tests.lisp]]
</system-out><system-err></system-err></testcase><testcase name='test_basic.TEST-UPDATE-AND-QUERY-DOCUMENT' assertions='0' classname='' status='SUCCESSFUL' time='0'><system-out>[[ATTACHMENT|/Users/pjb/works/mts/Harag/cl-naive-tests/src/naive-tests.lisp]]
</system-out><system-err></system-err></testcase></testsuite><testsuite id='2' name='test_basic_persisted' package='TEST-BASIC-PERSISTED' tests='9' disabled='0' errors='0' failures='0' skipped='0' time='1' timestamp='2024-01-01T00:05:08Z' hostname='despina'><properties><property name='LISP-IMPLEMENTATION-TYPE' value='SBCL'></property><property name='LISP-IMPLEMENTATION-VERSION' value='2.4.0'></property><property name='SOFTWARE-TYPE' value='Darwin'></property><property name='SOFTWARE-VERSION' value='21.6.0'></property><property name='MACHINE-INSTANCE' value='despina'></property><property name='MACHINE-TYPE' value='X86-64'></property><property name='MACHINE-VERSION' value='Intel(R) Core(TM) i7-6700K CPU @ 4.00GHz'></property><property name='*FEATURES*' value='(CFFI-FEATURES:FLAT-NAMESPACE CFFI-FEATURES:X86-64 CFFI-FEATURES:UNIX
 CFFI-FEATURES:DARWIN :CFFI CFFI-SYS::FLAT-NAMESPACE :LPARALLEL
 :IRONCLAD-ASSEMBLY :IRONCLAD-SB-VM-EA :IRONCLAD-FAST-MOD64-ARITHMETIC
 :IRONCLAD-FAST-MOD32-ARITHMETIC :SPLIT-SEQUENCE :CL-FAD :BORDEAUX-THREADS
 :GLOBAL-VARS :CL-WHO ALEXANDRIA::SEQUENCE-EMPTYP :LPARALLEL.WITH-CLTL2
 :LPARALLEL.WITH-CAS :LPARALLEL.WITH-STEALING-SCHEDULER :THREAD-SUPPORT
 :QUICKLISP :ASDF3.3 :ASDF3.2 :ASDF3.1 :ASDF3 :ASDF2 :ASDF :OS-MACOSX :OS-UNIX
 :NON-BASE-CHARS-EXIST-P :ASDF-UNICODE :ARENA-ALLOCATOR :X86-64 :GENCGC :64-BIT
 :ANSI-CL :BSD :COMMON-LISP :DARWIN :IEEE-FLOATING-POINT :LITTLE-ENDIAN :MACH-O
 :PACKAGE-LOCAL-NICKNAMES :SB-CORE-COMPRESSION :SB-LDB :SB-PACKAGE-LOCKS
 :SB-THREAD :SB-UNICODE :SBCL :UNIX)'></property></properties><testcase name='test_basic_persisted.COUNT-1' assertions='0' classname='' status='SUCCESSFUL' time='0'><system-out>[[ATTACHMENT|/Users/pjb/works/mts/Harag/cl-naive-tests/src/naive-tests.lisp]]
</system-out><system-err></system-err></testcase><testcase name='test_basic_persisted.COUNT-2' assertions='0' classname='' status='SUCCESSFUL' time='0'><system-out>[[ATTACHMENT|/Users/pjb/works/mts/Harag/cl-naive-tests/src/naive-tests.lisp]]
</system-out><system-err></system-err></testcase><testcase name='test_basic_persisted.COUNT-3' assertions='0' classname='' status='SUCCESSFUL' time='0'><system-out>[[ATTACHMENT|/Users/pjb/works/mts/Harag/cl-naive-tests/src/naive-tests.lisp]]
</system-out><system-err></system-err></testcase><testcase name='test_basic_persisted.TEST-UPDATE' assertions='0' classname='' status='SUCCESSFUL' time='0'><system-out>[[ATTACHMENT|/Users/pjb/works/mts/Harag/cl-naive-tests/src/naive-tests.lisp]]
</system-out><system-err></system-err></testcase><testcase name='test_basic_persisted.CLEAR-COLLECTION' assertions='0' classname='' status='SUCCESSFUL' time='0'><system-out>[[ATTACHMENT|/Users/pjb/works/mts/Harag/cl-naive-tests/src/naive-tests.lisp]]
</system-out><system-err></system-err></testcase><testcase name='test_basic_persisted.TEST-LAZY-LOADING' assertions='0' classname='' status='SUCCESSFUL' time='0'><system-out>[[ATTACHMENT|/Users/pjb/works/mts/Harag/cl-naive-tests/src/naive-tests.lisp]]
</system-out><system-err></system-err></testcase><testcase name='test_basic_persisted.COUNT-LINES-IN-FILE' assertions='0' classname='' status='SUCCESSFUL' time='0'><system-out>[[ATTACHMENT|/Users/pjb/works/mts/Harag/cl-naive-tests/src/naive-tests.lisp]]
</system-out><system-err></system-err></testcase><testcase name='test_basic_persisted.DELETE' assertions='0' classname='' status='SUCCESSFUL' time='0'><system-out>[[ATTACHMENT|/Users/pjb/works/mts/Harag/cl-naive-tests/src/naive-tests.lisp]]
</system-out><system-err></system-err></testcase><testcase name='test_basic_persisted.SANITIZE-DATA-FILE' assertions='0' classname='' status='SUCCESSFUL' time='0'><system-out>[[ATTACHMENT|/Users/pjb/works/mts/Harag/cl-naive-tests/src/naive-tests.lisp]]
</system-out><system-err></system-err></testcase></testsuite><testsuite id='3' name='test_indexed' package='TEST-INDEXED' tests='4' disabled='0' errors='0' failures='0' skipped='0' time='0' timestamp='2024-01-01T00:05:08Z' hostname='despina'><properties><property name='LISP-IMPLEMENTATION-TYPE' value='SBCL'></property><property name='LISP-IMPLEMENTATION-VERSION' value='2.4.0'></property><property name='SOFTWARE-TYPE' value='Darwin'></property><property name='SOFTWARE-VERSION' value='21.6.0'></property><property name='MACHINE-INSTANCE' value='despina'></property><property name='MACHINE-TYPE' value='X86-64'></property><property name='MACHINE-VERSION' value='Intel(R) Core(TM) i7-6700K CPU @ 4.00GHz'></property><property name='*FEATURES*' value='(CFFI-FEATURES:FLAT-NAMESPACE CFFI-FEATURES:X86-64 CFFI-FEATURES:UNIX
 CFFI-FEATURES:DARWIN :CFFI CFFI-SYS::FLAT-NAMESPACE :LPARALLEL
 :IRONCLAD-ASSEMBLY :IRONCLAD-SB-VM-EA :IRONCLAD-FAST-MOD64-ARITHMETIC
 :IRONCLAD-FAST-MOD32-ARITHMETIC :SPLIT-SEQUENCE :CL-FAD :BORDEAUX-THREADS
 :GLOBAL-VARS :CL-WHO ALEXANDRIA::SEQUENCE-EMPTYP :LPARALLEL.WITH-CLTL2
 :LPARALLEL.WITH-CAS :LPARALLEL.WITH-STEALING-SCHEDULER :THREAD-SUPPORT
 :QUICKLISP :ASDF3.3 :ASDF3.2 :ASDF3.1 :ASDF3 :ASDF2 :ASDF :OS-MACOSX :OS-UNIX
 :NON-BASE-CHARS-EXIST-P :ASDF-UNICODE :ARENA-ALLOCATOR :X86-64 :GENCGC :64-BIT
 :ANSI-CL :BSD :COMMON-LISP :DARWIN :IEEE-FLOATING-POINT :LITTLE-ENDIAN :MACH-O
 :PACKAGE-LOCAL-NICKNAMES :SB-CORE-COMPRESSION :SB-LDB :SB-PACKAGE-LOCKS
 :SB-THREAD :SB-UNICODE :SBCL :UNIX)'></property></properties><testcase name='test_indexed.TEST-UPDATE-AND-QUERY-DOCUMENT' assertions='0' classname='' status='SUCCESSFUL' time='0'><system-out>[[ATTACHMENT|/Users/pjb/works/mts/Harag/cl-naive-tests/src/naive-tests.lisp]]
</system-out><system-err></system-err></testcase><testcase name='test_indexed.TEST-QUERY' assertions='0' classname='' status='SUCCESSFUL' time='0'><system-out>[[ATTACHMENT|/Users/pjb/works/mts/Harag/cl-naive-tests/src/naive-tests.lisp]]
</system-out><system-err></system-err></testcase><testcase name='test_indexed.TEST-INDEX-LOOKUP-VALUES-1' assertions='0' classname='' status='SUCCESSFUL' time='0'><system-out>[[ATTACHMENT|/Users/pjb/works/mts/Harag/cl-naive-tests/src/naive-tests.lisp]]
</system-out><system-err></system-err></testcase><testcase name='test_indexed.TEST-INDEX-LOOKUP-VALUES-2' assertions='0' classname='' status='SUCCESSFUL' time='0'><system-out>[[ATTACHMENT|/Users/pjb/works/mts/Harag/cl-naive-tests/src/naive-tests.lisp]]
</system-out><system-err></system-err></testcase></testsuite><testsuite id='4' name='test_naive_documents' package='TEST-NAIVE-DOCUMENTS' tests='6' disabled='0' errors='0' failures='0' skipped='0' time='0' timestamp='2024-01-01T00:05:08Z' hostname='despina'><properties><property name='LISP-IMPLEMENTATION-TYPE' value='SBCL'></property><property name='LISP-IMPLEMENTATION-VERSION' value='2.4.0'></property><property name='SOFTWARE-TYPE' value='Darwin'></property><property name='SOFTWARE-VERSION' value='21.6.0'></property><property name='MACHINE-INSTANCE' value='despina'></property><property name='MACHINE-TYPE' value='X86-64'></property><property name='MACHINE-VERSION' value='Intel(R) Core(TM) i7-6700K CPU @ 4.00GHz'></property><property name='*FEATURES*' value='(CFFI-FEATURES:FLAT-NAMESPACE CFFI-FEATURES:X86-64 CFFI-FEATURES:UNIX
 CFFI-FEATURES:DARWIN :CFFI CFFI-SYS::FLAT-NAMESPACE :LPARALLEL
 :IRONCLAD-ASSEMBLY :IRONCLAD-SB-VM-EA :IRONCLAD-FAST-MOD64-ARITHMETIC
 :IRONCLAD-FAST-MOD32-ARITHMETIC :SPLIT-SEQUENCE :CL-FAD :BORDEAUX-THREADS
 :GLOBAL-VARS :CL-WHO ALEXANDRIA::SEQUENCE-EMPTYP :LPARALLEL.WITH-CLTL2
 :LPARALLEL.WITH-CAS :LPARALLEL.WITH-STEALING-SCHEDULER :THREAD-SUPPORT
 :QUICKLISP :ASDF3.3 :ASDF3.2 :ASDF3.1 :ASDF3 :ASDF2 :ASDF :OS-MACOSX :OS-UNIX
 :NON-BASE-CHARS-EXIST-P :ASDF-UNICODE :ARENA-ALLOCATOR :X86-64 :GENCGC :64-BIT
 :ANSI-CL :BSD :COMMON-LISP :DARWIN :IEEE-FLOATING-POINT :LITTLE-ENDIAN :MACH-O
 :PACKAGE-LOCAL-NICKNAMES :SB-CORE-COMPRESSION :SB-LDB :SB-PACKAGE-LOCKS
 :SB-THREAD :SB-UNICODE :SBCL :UNIX)'></property></properties><testcase name='test_naive_documents.TEST-INDEX-LOOKUP-VALUES-1' assertions='0' classname='' status='SUCCESSFUL' time='0'><system-out>[[ATTACHMENT|/Users/pjb/works/mts/Harag/cl-naive-tests/src/naive-tests.lisp]]
</system-out><system-err></system-err></testcase><testcase name='test_naive_documents.TEST-INDEX-LOOKUP-VALUES-2' assertions='0' classname='' status='SUCCESSFUL' time='0'><system-out>[[ATTACHMENT|/Users/pjb/works/mts/Harag/cl-naive-tests/src/naive-tests.lisp]]
</system-out><system-err></system-err></testcase><testcase name='test_naive_documents.TEST-QUERY' assertions='0' classname='' status='SUCCESSFUL' time='0'><system-out>[[ATTACHMENT|/Users/pjb/works/mts/Harag/cl-naive-tests/src/naive-tests.lisp]]
</system-out><system-err></system-err></testcase><testcase name='test_naive_documents.TEST-CHANGES' assertions='0' classname='' status='SUCCESSFUL' time='0'><system-out>[[ATTACHMENT|/Users/pjb/works/mts/Harag/cl-naive-tests/src/naive-tests.lisp]]
</system-out><system-err></system-err></testcase><testcase name='test_naive_documents.TEST-LAZY-LOADING' assertions='0' classname='' status='SUCCESSFUL' time='0'><system-out>[[ATTACHMENT|/Users/pjb/works/mts/Harag/cl-naive-tests/src/naive-tests.lisp]]
</system-out><system-err></system-err></testcase><testcase name='test_naive_documents.TEST-OLD-VERSIONS' assertions='0' classname='' status='SUCCESSFUL' time='0'><system-out>[[ATTACHMENT|/Users/pjb/works/mts/Harag/cl-naive-tests/src/naive-tests.lisp]]
</system-out><system-err></system-err></testcase></testsuite><testsuite id='5' name='test_sharding_simple' package='TEST-SHARDING-SIMPLE' tests='6' disabled='0' errors='0' failures='0' skipped='0' time='0' timestamp='2024-01-01T00:05:08Z' hostname='despina'><properties><property name='LISP-IMPLEMENTATION-TYPE' value='SBCL'></property><property name='LISP-IMPLEMENTATION-VERSION' value='2.4.0'></property><property name='SOFTWARE-TYPE' value='Darwin'></property><property name='SOFTWARE-VERSION' value='21.6.0'></property><property name='MACHINE-INSTANCE' value='despina'></property><property name='MACHINE-TYPE' value='X86-64'></property><property name='MACHINE-VERSION' value='Intel(R) Core(TM) i7-6700K CPU @ 4.00GHz'></property><property name='*FEATURES*' value='(CFFI-FEATURES:FLAT-NAMESPACE CFFI-FEATURES:X86-64 CFFI-FEATURES:UNIX
 CFFI-FEATURES:DARWIN :CFFI CFFI-SYS::FLAT-NAMESPACE :LPARALLEL
 :IRONCLAD-ASSEMBLY :IRONCLAD-SB-VM-EA :IRONCLAD-FAST-MOD64-ARITHMETIC
 :IRONCLAD-FAST-MOD32-ARITHMETIC :SPLIT-SEQUENCE :CL-FAD :BORDEAUX-THREADS
 :GLOBAL-VARS :CL-WHO ALEXANDRIA::SEQUENCE-EMPTYP :LPARALLEL.WITH-CLTL2
 :LPARALLEL.WITH-CAS :LPARALLEL.WITH-STEALING-SCHEDULER :THREAD-SUPPORT
 :QUICKLISP :ASDF3.3 :ASDF3.2 :ASDF3.1 :ASDF3 :ASDF2 :ASDF :OS-MACOSX :OS-UNIX
 :NON-BASE-CHARS-EXIST-P :ASDF-UNICODE :ARENA-ALLOCATOR :X86-64 :GENCGC :64-BIT
 :ANSI-CL :BSD :COMMON-LISP :DARWIN :IEEE-FLOATING-POINT :LITTLE-ENDIAN :MACH-O
 :PACKAGE-LOCAL-NICKNAMES :SB-CORE-COMPRESSION :SB-LDB :SB-PACKAGE-LOCKS
 :SB-THREAD :SB-UNICODE :SBCL :UNIX)'></property></properties><testcase name='test_sharding_simple.TEST-GCD' assertions='0' classname='' status='SUCCESSFUL' time='0'><system-out>[[ATTACHMENT|/Users/pjb/works/mts/Harag/cl-naive-tests/src/naive-tests.lisp]]
</system-out><system-err></system-err></testcase><testcase name='test_sharding_simple.TEST-SIZE' assertions='0' classname='' status='SUCCESSFUL' time='0'><system-out>[[ATTACHMENT|/Users/pjb/works/mts/Harag/cl-naive-tests/src/naive-tests.lisp]]
</system-out><system-err></system-err></testcase><testcase name='test_sharding_simple.EXPECTED-SHARD-COUNT' assertions='0' classname='' status='SUCCESSFUL' time='0'><system-out>[[ATTACHMENT|/Users/pjb/works/mts/Harag/cl-naive-tests/src/naive-tests.lisp]]
</system-out><system-err></system-err></testcase><testcase name='test_sharding_simple.SHAR-FILE-COUNT' assertions='0' classname='' status='SUCCESSFUL' time='0'><system-out>[[ATTACHMENT|/Users/pjb/works/mts/Harag/cl-naive-tests/src/naive-tests.lisp]]
</system-out><system-err></system-err></testcase><testcase name='test_sharding_simple.TEST-GCD' assertions='0' classname='' status='SUCCESSFUL' time='0'><system-out>[[ATTACHMENT|/Users/pjb/works/mts/Harag/cl-naive-tests/src/naive-tests.lisp]]
</system-out><system-err></system-err></testcase><testcase name='test_sharding_simple.HOW-MANY-DAVISES' assertions='0' classname='' status='SUCCESSFUL' time='0'><system-out>[[ATTACHMENT|/Users/pjb/works/mts/Harag/cl-naive-tests/src/naive-tests.lisp]]
</system-out><system-err></system-err></testcase></testsuite><testsuite id='6' name='test_sharding_indexed' package='TEST-SHARDING-INDEXED' tests='6' disabled='0' errors='0' failures='0' skipped='0' time='0' timestamp='2024-01-01T00:05:08Z' hostname='despina'><properties><property name='LISP-IMPLEMENTATION-TYPE' value='SBCL'></property><property name='LISP-IMPLEMENTATION-VERSION' value='2.4.0'></property><property name='SOFTWARE-TYPE' value='Darwin'></property><property name='SOFTWARE-VERSION' value='21.6.0'></property><property name='MACHINE-INSTANCE' value='despina'></property><property name='MACHINE-TYPE' value='X86-64'></property><property name='MACHINE-VERSION' value='Intel(R) Core(TM) i7-6700K CPU @ 4.00GHz'></property><property name='*FEATURES*' value='(CFFI-FEATURES:FLAT-NAMESPACE CFFI-FEATURES:X86-64 CFFI-FEATURES:UNIX
 CFFI-FEATURES:DARWIN :CFFI CFFI-SYS::FLAT-NAMESPACE :LPARALLEL
 :IRONCLAD-ASSEMBLY :IRONCLAD-SB-VM-EA :IRONCLAD-FAST-MOD64-ARITHMETIC
 :IRONCLAD-FAST-MOD32-ARITHMETIC :SPLIT-SEQUENCE :CL-FAD :BORDEAUX-THREADS
 :GLOBAL-VARS :CL-WHO ALEXANDRIA::SEQUENCE-EMPTYP :LPARALLEL.WITH-CLTL2
 :LPARALLEL.WITH-CAS :LPARALLEL.WITH-STEALING-SCHEDULER :THREAD-SUPPORT
 :QUICKLISP :ASDF3.3 :ASDF3.2 :ASDF3.1 :ASDF3 :ASDF2 :ASDF :OS-MACOSX :OS-UNIX
 :NON-BASE-CHARS-EXIST-P :ASDF-UNICODE :ARENA-ALLOCATOR :X86-64 :GENCGC :64-BIT
 :ANSI-CL :BSD :COMMON-LISP :DARWIN :IEEE-FLOATING-POINT :LITTLE-ENDIAN :MACH-O
 :PACKAGE-LOCAL-NICKNAMES :SB-CORE-COMPRESSION :SB-LDB :SB-PACKAGE-LOCKS
 :SB-THREAD :SB-UNICODE :SBCL :UNIX)'></property></properties><testcase name='test_sharding_indexed.TEST-GCD' assertions='0' classname='' status='SUCCESSFUL' time='0'><system-out>[[ATTACHMENT|/Users/pjb/works/mts/Harag/cl-naive-tests/src/naive-tests.lisp]]
</system-out><system-err></system-err></testcase><testcase name='test_sharding_indexed.TEST-SIZE' assertions='0' classname='' status='SUCCESSFUL' time='0'><system-out>[[ATTACHMENT|/Users/pjb/works/mts/Harag/cl-naive-tests/src/naive-tests.lisp]]
</system-out><system-err></system-err></testcase><testcase name='test_sharding_indexed.EXPECTED-SHARD-COUNT' assertions='0' classname='' status='SUCCESSFUL' time='0'><system-out>[[ATTACHMENT|/Users/pjb/works/mts/Harag/cl-naive-tests/src/naive-tests.lisp]]
</system-out><system-err></system-err></testcase><testcase name='test_sharding_indexed.SHAR-FILE-COUNT' assertions='0' classname='' status='SUCCESSFUL' time='0'><system-out>[[ATTACHMENT|/Users/pjb/works/mts/Harag/cl-naive-tests/src/naive-tests.lisp]]
</system-out><system-err></system-err></testcase><testcase name='test_sharding_indexed.TEST-GCD' assertions='0' classname='' status='SUCCESSFUL' time='0'><system-out>[[ATTACHMENT|/Users/pjb/works/mts/Harag/cl-naive-tests/src/naive-tests.lisp]]
</system-out><system-err></system-err></testcase><testcase name='test_sharding_indexed.HOW-MANY-DAVISES' assertions='0' classname='' status='SUCCESSFUL' time='0'><system-out>[[ATTACHMENT|/Users/pjb/works/mts/Harag/cl-naive-tests/src/naive-tests.lisp]]
</system-out><system-err></system-err></testcase></testsuite></testsuites>